<?xml version="1.0" encoding="UTF-8"?>
<testsuite xmlns:xsi="http://www.w3.org/2001/XMLSchema-instance" xsi:noNamespaceSchemaLocation="https://maven.apache.org/surefire/maven-surefire-plugin/xsd/surefire-test-report-3.0.xsd" version="3.0" name="com.example.ecommerceapplication.EcommerceApplicationTests" time="6.424" tests="1" errors="0" skipped="0" failures="0">
  <properties>
[...]
</properties>
  <testcase name="contextLoads" classname="com.example.ecommerceapplication.EcommerceApplicationTests" time="0.325">
    <system-out><![CDATA[
  .   ____          _            __ _ _
 /\\ / ___'_ __ _ _(_)_ __  __ _ \ \ \ \
( ( )\___ | '_ | '_| | '_ \/ _` | \ \ \ \
 \\/  ___)| |_)| | | | | || (_| |  ) ) ) )
  '  |____| .__|_| |_|_| |_\__, | / / / /
 =========|_|==============|___/=/_/_/_/
 :: Spring Boot ::                (v3.2.3)

2025-02-27T11:53:18.846+05:30  INFO 13584 --- [EcommerceApplication] [           main] c.e.e.EcommerceApplicationTests          : Starting EcommerceApplicationTests using Java 17.0.12 with PID 13584 (started by Bhawna in D:\EcommerceApplication)
2025-02-27T11:53:18.848+05:30  INFO 13584 --- [EcommerceApplication] [           main] c.e.e.EcommerceApplicationTests          : No active profile set, falling back to 1 default profile: "default"
2025-02-27T11:53:19.530+05:30  INFO 13584 --- [EcommerceApplication] [           main] .s.d.r.c.RepositoryConfigurationDelegate : Bootstrapping Spring Data JPA repositories in DEFAULT mode.
2025-02-27T11:53:19.575+05:30  INFO 13584 --- [EcommerceApplication] [           main] .s.d.r.c.RepositoryConfigurationDelegate : Finished Spring Data repository scanning in 38 ms. Found 5 JPA repository interfaces.
2025-02-27T11:53:20.033+05:30  INFO 13584 --- [EcommerceApplication] [           main] o.hibernate.jpa.internal.util.LogHelper  : HHH000204: Processing PersistenceUnitInfo [name: default]
2025-02-27T11:53:20.106+05:30  INFO 13584 --- [EcommerceApplication] [           main] org.hibernate.Version                    : HHH000412: Hibernate ORM core version 6.4.4.Final
2025-02-27T11:53:20.161+05:30  INFO 13584 --- [EcommerceApplication] [           main] o.h.c.internal.RegionFactoryInitiator    : HHH000026: Second-level cache disabled
2025-02-27T11:53:20.403+05:30  INFO 13584 --- [EcommerceApplication] [           main] o.s.o.j.p.SpringPersistenceUnitInfo      : No LoadTimeWeaver setup: ignoring JPA class transformer
2025-02-27T11:53:20.435+05:30  INFO 13584 --- [EcommerceApplication] [           main] com.zaxxer.hikari.HikariDataSource       : HikariPool-1 - Starting...
2025-02-27T11:53:20.689+05:30  INFO 13584 --- [EcommerceApplication] [           main] com.zaxxer.hikari.pool.HikariPool        : HikariPool-1 - Added connection com.mysql.cj.jdbc.ConnectionImpl@7e1a9173
2025-02-27T11:53:20.691+05:30  INFO 13584 --- [EcommerceApplication] [           main] com.zaxxer.hikari.HikariDataSource       : HikariPool-1 - Start completed.
2025-02-27T11:53:21.472+05:30  INFO 13584 --- [EcommerceApplication] [           main] o.h.e.t.j.p.i.JtaPlatformInitiator       : HHH000489: No JTA platform available (set 'hibernate.transaction.jta.platform' to enable JTA platform integration)
Hibernate: create table admin_invitation_tokens (id bigint not null auto_increment, created_at datetime(6) not null, email varchar(255) not null, expires_at datetime(6) not null, is_expired bit not null, token varchar(255) not null, primary key (id)) engine=InnoDB
Hibernate: create table cart_items (id bigint not null auto_increment, quantity integer not null, cart_id bigint, product_id bigint, primary key (id)) engine=InnoDB
Hibernate: create table carts (id bigint not null auto_increment, total_amount decimal(38,2), user_id bigint, primary key (id)) engine=InnoDB
Hibernate: create table orders (id bigint not null auto_increment, order_date datetime(6), status enum ('PENDING','COMPLETED','CANCELED'), total_amount decimal(38,2), payment_details_id bigint, user_id bigint, primary key (id)) engine=InnoDB
Hibernate: create table orders_items (order_id bigint not null, items_id bigint not null) engine=InnoDB
Hibernate: create table payment_details (id bigint not null auto_increment, card_number varchar(255), cvv varchar(255), expiry_date varchar(255), primary key (id)) engine=InnoDB
Hibernate: create table products (id bigint not null auto_increment, category varchar(255) not null, description varchar(255), image_url varchar(255), name varchar(255) not null, price decimal(38,2) not null, stock_quantity integer, primary key (id)) engine=InnoDB
Hibernate: create table users (id bigint not null auto_increment, email varchar(255), email_verified bit, password varchar(255), revoked bit not null, role enum ('USER','CUSTOMER','ADMIN','SUPER_ADMIN'), status enum ('PENDING_EMAIL_VERIFICATION','ACTIVE','SUSPENDED','DELETED'), token varchar(1000), token_expired bit not null, username varchar(255) not null, verification_token varchar(255), primary key (id)) engine=InnoDB
Hibernate: alter table admin_invitation_tokens drop index UK_1lnb3u7bmcdedyrl2g0egef5k
Hibernate: alter table admin_invitation_tokens add constraint UK_1lnb3u7bmcdedyrl2g0egef5k unique (token)
Hibernate: alter table carts drop index UK_64t7ox312pqal3p7fg9o503c2
Hibernate: alter table carts add constraint UK_64t7ox312pqal3p7fg9o503c2 unique (user_id)
Hibernate: alter table orders drop index UK_rq4xyo0b04mge8c3dk1ihy0c0
Hibernate: alter table orders add constraint UK_rq4xyo0b04mge8c3dk1ihy0c0 unique (payment_details_id)
Hibernate: alter table orders_items drop index UK_7qrg5pfgjon82yhgwfqrdijm5
Hibernate: alter table orders_items add constraint UK_7qrg5pfgjon82yhgwfqrdijm5 unique (items_id)
Hibernate: alter table users drop index UK_af44yue4uh61eqwe6jjyqwvla
Hibernate: alter table users add constraint UK_af44yue4uh61eqwe6jjyqwvla unique (token)
Hibernate: alter table users drop index UK_r43af9ap4edm43mmtq01oddj6
Hibernate: alter table users add constraint UK_r43af9ap4edm43mmtq01oddj6 unique (username)
Hibernate: alter table cart_items add constraint FKpcttvuq4mxppo8sxggjtn5i2c foreign key (cart_id) references carts (id)
Hibernate: alter table cart_items add constraint FK1re40cjegsfvw58xrkdp6bac6 foreign key (product_id) references products (id)
Hibernate: alter table carts add constraint FKb5o626f86h46m4s7ms6ginnop foreign key (user_id) references users (id)
Hibernate: alter table orders add constraint FKrd13pl3vdcgb1es375k7a83qq foreign key (payment_details_id) references payment_details (id)
Hibernate: alter table orders add constraint FK32ql8ubntj5uh44ph9659tiih foreign key (user_id) references users (id)
Hibernate: alter table orders_items add constraint FKhsyqui12psrw3lke4uxfdulb6 foreign key (items_id) references cart_items (id)
Hibernate: alter table orders_items add constraint FKij1wwgx6o198ubsx1oulpopem foreign key (order_id) references orders (id)
2025-02-27T11:53:22.307+05:30  INFO 13584 --- [EcommerceApplication] [           main] j.LocalContainerEntityManagerFactoryBean : Initialized JPA EntityManagerFactory for persistence unit 'default'
2025-02-27T11:53:23.364+05:30  WARN 13584 --- [EcommerceApplication] [           main] JpaBaseConfiguration$JpaWebConfiguration : spring.jpa.open-in-view is enabled by default. Therefore, database queries may be performed during view rendering. Explicitly configure spring.jpa.open-in-view to disable this warning
2025-02-27T11:53:24.005+05:30  INFO 13584 --- [EcommerceApplication] [           main] o.s.s.web.DefaultSecurityFilterChain     : Will secure any request with [org.springframework.security.web.session.DisableEncodeUrlFilter@7aff1db3, org.springframework.security.web.context.request.async.WebAsyncManagerIntegrationFilter@46374b8, org.springframework.security.web.context.SecurityContextHolderFilter@540ac21e, org.springframework.security.web.header.HeaderWriterFilter@56c39949, org.springframework.web.filter.CorsFilter@29ceefb3, org.springframework.security.web.authentication.logout.LogoutFilter@354ff4f6, com.example.ecommerceapplication.config.JwtAuthenticationFilter@f14d079, org.springframework.security.web.savedrequest.RequestCacheAwareFilter@14f08a97, org.springframework.security.web.servletapi.SecurityContextHolderAwareRequestFilter@44f6ac4f, org.springframework.security.web.authentication.AnonymousAuthenticationFilter@d0456ad, org.springframework.security.web.session.SessionManagementFilter@60773809, org.springframework.security.web.access.ExceptionTranslationFilter@1b72f9a, org.springframework.security.web.access.intercept.AuthorizationFilter@7ec01440]
2025-02-27T11:53:24.478+05:30  INFO 13584 --- [EcommerceApplication] [           main] c.e.e.EcommerceApplicationTests          : Started EcommerceApplicationTests in 5.834 seconds (process running for 6.463)
]]></system-out>
  </testcase>
</testsuite>